<!DOCTYPE html PUBLIC "-//W3C//DTD XHTML 1.1//EN" "http://www.w3.org/TR/xhtml11/DTD/xhtml11.dtd">
<html xmlns="http://www.w3.org/1999/xhtml">
<head>
<meta charset='utf-8'>
<title>TestNG Report</title>
<style type="text/css">
table {margin-bottom:10px;border-collapse:collapse;empty-cells:show}
td,th {border:1px solid #009;padding:.25em .5em}
.result th {vertical-align:bottom}
.param th {padding-left:1em;padding-right:1em}
.param td {padding-left:.5em;padding-right:2em}
.stripe td,.stripe th {background-color: #E6EBF9}
.numi,.numi_attn {text-align:right}
.total td {font-weight:bold}
.passedodd td {background-color: #0A0}
.passedeven td {background-color: #3F3}
.skippedodd td {background-color: #CCC}
.skippedodd td {background-color: #DDD}
.failedodd td,.numi_attn {background-color: #F33}
.failedeven td,.stripe .numi_attn {background-color: #D00}
.stacktrace {white-space:pre;font-family:monospace}
.totop {font-size:85%;text-align:center;border-bottom:2px solid #000}
</style>
</head>
<body>
<table cellspacing="0" cellpadding="0" class="testOverview">
<tr><th>Test</th><th>Methods<br/>Passed</th><th>Scenarios<br/>Passed</th><th># skipped</th><th># failed</th><th>Total<br/>Time</th><th>Included<br/>Groups</th><th>Excluded<br/>Groups</th></tr>
<tr><td style="text-align:left;padding-right:2em"><a href="#t1">LAZADA smoke test</a></td><td class="numi">0</td><td class="numi">0</td><td class="numi_attn">1</td><td class="numi">0</td><td class="numi">1.9 seconds</td><td class="numi"></td><td class="numi"></td></tr>
</table>
<table cellspacing="0" cellpadding="0" class="methodOverview" id="summary">
<tr><th>Class</th><th>Method</th><th># of<br/>Scenarios</th><th>Start</th><th>Time<br/>(ms)</th></tr>
<tr id="t1"><th colspan="5">LAZADA smoke test &#8212; failed (configuration methods)</th></tr>
<tr class="failedodd"><td>tests.DemoSauceLabs</td><td><a href="#m1"><b>setUp</b>  </a></td><td class="numi">1</td><td>1638341157611</td><td class="numi">1869</td></tr>
<tr><th colspan="5">LAZADA smoke test &#8212; skipped (configuration methods)</th></tr>
<tr class="skippedodd"><td>tests.DemoSauceLabs</td><td><a href="#m2"><b>exit</b>  </a></td><td class="numi">1</td><td>1638341159489</td><td class="numi">0</td></tr>
<tr><th colspan="5">LAZADA smoke test &#8212; skipped</th></tr>
<tr class="skippedodd"><td>tests.DemoSauceLabs</td><td><a href="#m3"><b>main</b>  </a></td><td class="numi">1</td><td>1638341159488</td><td class="numi">0</td></tr>
</table>
<h1>LAZADA smoke test</h1>
<h2 id="m1">tests.DemoSauceLabs:setUp</h2>
<div>
<div class="stacktrace">org.openqa.selenium.SessionNotCreatedException: Could not start a new session. Unable to parse remote response: 
	at org.openqa.selenium.remote.ProtocolHandshake.createSession(ProtocolHandshake.java:112)
	at org.openqa.selenium.remote.ProtocolHandshake.createSession(ProtocolHandshake.java:84)
	at org.openqa.selenium.remote.ProtocolHandshake.createSession(ProtocolHandshake.java:62)
	at org.openqa.selenium.remote.HttpCommandExecutor.execute(HttpCommandExecutor.java:156)
	at org.openqa.selenium.remote.TracedCommandExecutor.execute(TracedCommandExecutor.java:39)
	at org.openqa.selenium.remote.RemoteWebDriver.execute(RemoteWebDriver.java:559)
	at org.openqa.selenium.remote.RemoteWebDriver.startSession(RemoteWebDriver.java:246)
	at org.openqa.selenium.remote.RemoteWebDriver.&lt;init&gt;(RemoteWebDriver.java:168)
	at org.openqa.selenium.remote.RemoteWebDriver.&lt;init&gt;(RemoteWebDriver.java:146)
	at tests.DemoSauceLabs.setUp(DemoSauceLabs.java:39)
	at java.base/java.util.concurrent.ThreadPoolExecutor.runWorker(ThreadPoolExecutor.java:1130)
	at java.base/java.util.concurrent.ThreadPoolExecutor$Worker.run(ThreadPoolExecutor.java:630)
	at java.base/java.lang.Thread.run(Thread.java:832)
Caused by: org.openqa.selenium.json.JsonException: Unable to parse: 
	at org.openqa.selenium.json.Json.toType(Json.java:57)
	at org.openqa.selenium.json.Json.toType(Json.java:50)
	at org.openqa.selenium.remote.ProtocolHandshake.createSession(ProtocolHandshake.java:109)
	... 25 more
Caused by: org.openqa.selenium.json.JsonException: Expected to read a START_MAP but instead have: END. Last 0 characters read: 
Build info: version: &apos;4.0.0&apos;, revision: &apos;3a21814679&apos;
System info: host: &apos;DESKTOP-UV0B87D&apos;, ip: &apos;192.168.1.2&apos;, os.name: &apos;Windows 10&apos;, os.arch: &apos;amd64&apos;, os.version: &apos;10.0&apos;, java.version: &apos;15.0.2&apos;
Driver info: driver.version: RemoteWebDriver
	at org.openqa.selenium.json.JsonInput.expect(JsonInput.java:307)
	at org.openqa.selenium.json.JsonInput.beginObject(JsonInput.java:229)
	at org.openqa.selenium.json.MapCoercer.lambda$apply$1(MapCoercer.java:64)
	at org.openqa.selenium.json.JsonTypeCoercer.lambda$buildCoercer$6(JsonTypeCoercer.java:145)
	at org.openqa.selenium.json.JsonTypeCoercer.coerce(JsonTypeCoercer.java:127)
	at org.openqa.selenium.json.Json.toType(Json.java:71)
	at org.openqa.selenium.json.Json.toType(Json.java:55)
	... 27 more
... Removed 13 stack frames</div>
</div>
<p class="totop"><a href="#summary">back to summary</a></p>
<h2 id="m2">tests.DemoSauceLabs:exit</h2>
<p class="totop"><a href="#summary">back to summary</a></p>
<h2 id="m3">tests.DemoSauceLabs:main</h2>
<div>
<div class="stacktrace">org.openqa.selenium.SessionNotCreatedException: Could not start a new session. Unable to parse remote response: 
	at org.openqa.selenium.remote.ProtocolHandshake.createSession(ProtocolHandshake.java:112)
	at org.openqa.selenium.remote.ProtocolHandshake.createSession(ProtocolHandshake.java:84)
	at org.openqa.selenium.remote.ProtocolHandshake.createSession(ProtocolHandshake.java:62)
	at org.openqa.selenium.remote.HttpCommandExecutor.execute(HttpCommandExecutor.java:156)
	at org.openqa.selenium.remote.TracedCommandExecutor.execute(TracedCommandExecutor.java:39)
	at org.openqa.selenium.remote.RemoteWebDriver.execute(RemoteWebDriver.java:559)
	at org.openqa.selenium.remote.RemoteWebDriver.startSession(RemoteWebDriver.java:246)
	at org.openqa.selenium.remote.RemoteWebDriver.&lt;init&gt;(RemoteWebDriver.java:168)
	at org.openqa.selenium.remote.RemoteWebDriver.&lt;init&gt;(RemoteWebDriver.java:146)
	at tests.DemoSauceLabs.setUp(DemoSauceLabs.java:39)
	at java.base/java.util.concurrent.ThreadPoolExecutor.runWorker(ThreadPoolExecutor.java:1130)
	at java.base/java.util.concurrent.ThreadPoolExecutor$Worker.run(ThreadPoolExecutor.java:630)
	at java.base/java.lang.Thread.run(Thread.java:832)
Caused by: org.openqa.selenium.json.JsonException: Unable to parse: 
	at org.openqa.selenium.json.Json.toType(Json.java:57)
	at org.openqa.selenium.json.Json.toType(Json.java:50)
	at org.openqa.selenium.remote.ProtocolHandshake.createSession(ProtocolHandshake.java:109)
	... 25 more
Caused by: org.openqa.selenium.json.JsonException: Expected to read a START_MAP but instead have: END. Last 0 characters read: 
Build info: version: &apos;4.0.0&apos;, revision: &apos;3a21814679&apos;
System info: host: &apos;DESKTOP-UV0B87D&apos;, ip: &apos;192.168.1.2&apos;, os.name: &apos;Windows 10&apos;, os.arch: &apos;amd64&apos;, os.version: &apos;10.0&apos;, java.version: &apos;15.0.2&apos;
Driver info: driver.version: RemoteWebDriver
	at org.openqa.selenium.json.JsonInput.expect(JsonInput.java:307)
	at org.openqa.selenium.json.JsonInput.beginObject(JsonInput.java:229)
	at org.openqa.selenium.json.MapCoercer.lambda$apply$1(MapCoercer.java:64)
	at org.openqa.selenium.json.JsonTypeCoercer.lambda$buildCoercer$6(JsonTypeCoercer.java:145)
	at org.openqa.selenium.json.JsonTypeCoercer.coerce(JsonTypeCoercer.java:127)
	at org.openqa.selenium.json.Json.toType(Json.java:71)
	at org.openqa.selenium.json.Json.toType(Json.java:55)
	... 27 more
... Removed 13 stack frames</div>
</div>
<p class="totop"><a href="#summary">back to summary</a></p>
</body></html>
